[debug] [2023-07-24T23:04:17.884Z] ----------------------------------------------------------------------
[debug] [2023-07-24T23:04:17.886Z] Command:       C:\Program Files\nodejs\node.exe C:\Users\Gustavo\AppData\Roaming\npm\node_modules\firebase-tools\lib\bin\firebase.js init
[debug] [2023-07-24T23:04:17.886Z] CLI Version:   12.4.5
[debug] [2023-07-24T23:04:17.887Z] Platform:      win32
[debug] [2023-07-24T23:04:17.887Z] Node Version:  v18.16.0
[debug] [2023-07-24T23:04:17.888Z] Time:          Mon Jul 24 2023 20:04:17 GMT-0300 (Horário Padrão de Brasília)
[debug] [2023-07-24T23:04:17.888Z] ----------------------------------------------------------------------
[debug] 
[debug] [2023-07-24T23:04:17.895Z] > command requires scopes: ["email","openid","https://www.googleapis.com/auth/cloudplatformprojects.readonly","https://www.googleapis.com/auth/firebase","https://www.googleapis.com/auth/cloud-platform"]
[debug] [2023-07-24T23:04:17.895Z] > authorizing via signed-in user (guspasalia@gmail.com)
[info] 
     ######## #### ########  ######## ########     ###     ######  ########
     ##        ##  ##     ## ##       ##     ##  ##   ##  ##       ##
     ######    ##  ########  ######   ########  #########  ######  ######
     ##        ##  ##    ##  ##       ##     ## ##     ##       ## ##
     ##       #### ##     ## ######## ########  ##     ##  ######  ########

You're about to initialize a Firebase project in this directory:

  C:\xampp\htdocs\CURSO_COD3R_Angular\crud\frontend

Before we get started, keep in mind:

  * You are currently outside your home directory

[info] 
=== Project Setup
[info] 
[info] First, let's associate this project directory with a Firebase project.
[info] You can create multiple project aliases by running firebase use --add, 
[info] but for now we'll just set up a default project.
[info] 
[info] i  If you want to create a project in a Google Cloud organization or folder, please use "firebase projects:create" instead, and return to this command when you've created the project. 
[debug] [2023-07-24T23:04:39.392Z] >>> [apiv2][query] POST https://cloudresourcemanager.googleapis.com/v1/projects [none]
[debug] [2023-07-24T23:04:39.393Z] >>> [apiv2][body] POST https://cloudresourcemanager.googleapis.com/v1/projects {"projectId":" plansulRH1","name":"plansul1"}
[debug] [2023-07-24T23:04:54.394Z] *** [apiv2] error from fetch(https://cloudresourcemanager.googleapis.com/v1/projects, {"headers":{},"method":"POST","signal":{},"body":"{\"projectId\":\" plansulRH1\",\"name\":\"plansul1\"}"}): AbortError: The user aborted a request.
[debug] [2023-07-24T23:04:54.396Z] FirebaseError: Timeout reached making request to https://cloudresourcemanager.googleapis.com/v1/projects
    at RetryOperation._fn (C:\Users\Gustavo\AppData\Roaming\npm\node_modules\firebase-tools\lib\apiv2.js:235:35)
    at process.processTicksAndRejections (node:internal/process/task_queues:95:5)
[error] 
[error] Error: Failed to create project. See firebase-debug.log for more info.
